[2025-04-1013:58:01] Iniciando backup...
tar: Eliminando la `/' inicial de los nombres
tar: /home/edgar/Documentos/scripts: No se puede efectuar stat: No existe el archivo o el directorio
tar: Se sale con estado de fallo debido a errores anteriores
[2025-04-1013:58:01] Error al crear backup!
[2025-04-1013:59:01] Iniciando backup...
tar: Eliminando la `/' inicial de los nombres
[2025-04-1013:59:01] Error al crear backup!
[2025-04-1014:00:01] Iniciando backup...
tar: Eliminando la `/' inicial de los nombres
[2025-04-1014:00:01] Error al crear backup!
[2025-04-1014:01:01] Iniciando backup...
tar: Eliminando la `/' inicial de los nombres
[2025-04-1014:01:01] Error al crear backup!
[2025-04-1014:02:01] Iniciando backup...
tar: Eliminando la `/' inicial de los nombres
[2025-04-1014:02:01] Error al crear backup!
[2025-04-1014:03:01] Iniciando backup...
tar: Eliminando la `/' inicial de los nombres
[2025-04-1014:03:01] Error al crear backup!
[2025-04-1014:04:01] Iniciando backup...
tar: Eliminando la `/' inicial de los nombres
[2025-04-1014:04:01] Error al crear backup!
[2025-04-1014:06:01] Iniciando backup...
tar: Eliminando la `/' inicial de los nombres
[2025-04-1014:06:01] Error al crear backup!
[2025-04-1014:07:01] Iniciando backup...
tar: Eliminando la `/' inicial de los nombres
[2025-04-1014:07:01] Error al crear backup!
[2025-04-1014:08:01] Iniciando backup...
tar: Eliminando la `/' inicial de los nombres
[2025-04-1014:08:01] Error al crear backup!
[2025-04-1014:09:01] Iniciando backup...
tar: Eliminando la `/' inicial de los nombres
[2025-04-1014:09:01] Error al crear backup!
[2025-04-1014:10:01] Iniciando backup...
tar: Eliminando la `/' inicial de los nombres
[2025-04-1014:10:01] Error al crear backup!
[2025-04-1014:11:01] Iniciando backup...
tar: Eliminando la `/' inicial de los nombres
[2025-04-1014:11:01] Error al crear backup!
[2025-04-1014:12:01] Iniciando backup...
tar: Eliminando la `/' inicial de los nombres
[2025-04-1014:12:01] Error al crear backup!
[2025-04-1014:13:01] Iniciando backup...
tar: Eliminando la `/' inicial de los nombres
[2025-04-1014:13:01] Error al crear backup!
[2025-04-1014:16:01] Iniciando backup...
tar: Eliminando la `/' inicial de los nombres
[2025-04-1014:16:01] Backup completado: /home/edgar/Escritorio/backups/backup_2025-04-10.tar.gz
[2025-04-1014:17:01] Iniciando backup...
tar: Eliminando la `/' inicial de los nombres
[2025-04-1014:17:01] Backup completado: /home/edgar/Escritorio/backups/backup_2025-04-10.tar.gz
[2025-04-1014:18:01] Iniciando backup...
tar: Eliminando la `/' inicial de los nombres
[2025-04-1014:18:01] Backup completado: /home/edgar/Escritorio/backups/backup_2025-04-10.tar.gz
[2025-04-1014:19:01] Iniciando backup...
tar: Eliminando la `/' inicial de los nombres
[2025-04-1014:19:01] Backup completado: /home/edgar/Escritorio/backups/backup_2025-04-10.tar.gz
[2025-04-1014:20:01] Iniciando backup...
tar: Eliminando la `/' inicial de los nombres
[2025-04-1014:20:01] Backup completado: /home/edgar/Escritorio/backups/backup_2025-04-10.tar.gz
[2025-04-1014:21:01] Iniciando backup...
tar: Eliminando la `/' inicial de los nombres
[2025-04-1014:21:01] Backup completado: /home/edgar/Escritorio/backups/backup_2025-04-10.tar.gz
[2025-04-1014:22:01] Iniciando backup...
tar: Eliminando la `/' inicial de los nombres
[2025-04-1014:22:01] Backup completado: /home/edgar/Escritorio/backups/backup_2025-04-10.tar.gz
[2025-04-1014:23:01] Iniciando backup...
tar: Eliminando la `/' inicial de los nombres
[2025-04-1014:23:01] Backup completado: /home/edgar/Escritorio/backups/backup_2025-04-10.tar.gz
[2025-04-1014:24:01] Iniciando backup...
tar: Eliminando la `/' inicial de los nombres
[2025-04-1014:24:01] Backup completado: /home/edgar/Escritorio/backups/backup_2025-04-10.tar.gz
[2025-04-1014:25:01] Iniciando backup...
tar: Eliminando la `/' inicial de los nombres
[2025-04-1014:25:01] Backup completado: /home/edgar/Escritorio/backups/backup_2025-04-10.tar.gz
[2025-04-1014:26:01] Iniciando backup...
tar: Eliminando la `/' inicial de los nombres
[2025-04-1014:26:01] Backup completado: /home/edgar/Escritorio/backups/backup_2025-04-10.tar.gz
[2025-04-1014:27:01] Iniciando backup...
tar: Eliminando la `/' inicial de los nombres
[2025-04-1014:27:01] Backup completado: /home/edgar/Escritorio/backups/backup_2025-04-10.tar.gz
[2025-04-1014:28:01] Iniciando backup...
tar: Eliminando la `/' inicial de los nombres
[2025-04-1014:28:01] Backup completado: /home/edgar/Escritorio/backups/backup_2025-04-10.tar.gz
[2025-04-1014:29:01] Iniciando backup...
tar: Eliminando la `/' inicial de los nombres
[2025-04-1014:29:01] Backup completado: /home/edgar/Escritorio/backups/backup_2025-04-10.tar.gz
[2025-04-1014:30:01] Iniciando backup...
tar: Eliminando la `/' inicial de los nombres
[2025-04-1014:30:01] Backup completado: /home/edgar/Escritorio/backups/backup_2025-04-10.tar.gz
[2025-04-1014:31:01] Iniciando backup...
tar: Eliminando la `/' inicial de los nombres
[2025-04-1014:31:01] Backup completado: /home/edgar/Escritorio/backups/backup_2025-04-10.tar.gz
[2025-04-1014:32:01] Iniciando backup...
tar: Eliminando la `/' inicial de los nombres
[2025-04-1014:32:01] Backup completado: /home/edgar/Escritorio/backups/backup_2025-04-10.tar.gz
[2025-04-1014:33:01] Iniciando backup...
tar: Eliminando la `/' inicial de los nombres
[2025-04-1014:33:01] Backup completado: /home/edgar/Escritorio/backups/backup_2025-04-10.tar.gz
[2025-04-1014:34:01] Iniciando backup...
tar: Eliminando la `/' inicial de los nombres
[2025-04-1014:34:01] Backup completado: /home/edgar/Escritorio/backups/backup_2025-04-10.tar.gz
